Watching for file changes with StatReloader
Watching for file changes with StatReloader
Unauthorized: /api/products/
"GET //api/products/ HTTP/1.1" 401 183
Bad Request: /api-auth/token/refresh/
"POST //api-auth/token/refresh/ HTTP/1.1" 400 39
Unauthorized: /api-auth/token/refresh/
"POST //api-auth/token/refresh/ HTTP/1.1" 401 65
"POST //api-auth/token/ HTTP/1.1" 200 483
"GET //api/products/ HTTP/1.1" 200 21
"POST //api-auth/token/blacklist/ HTTP/1.1" 200 2
"GET //api/products/ HTTP/1.1" 200 21
"GET //api/products/ HTTP/1.1" 200 21
"GET //api/products/ HTTP/1.1" 200 21
"GET //api/products/ HTTP/1.1" 200 21
Unauthorized: /api-auth/token/blacklist/
"POST //api-auth/token/blacklist/ HTTP/1.1" 401 58
Unauthorized: /api-auth/token/blacklist/
"POST //api-auth/token/blacklist/ HTTP/1.1" 401 58
Bad Request: /api-auth/token/blacklist/
"POST //api-auth/token/blacklist/ HTTP/1.1" 400 39
Unauthorized: /api-auth/token/blacklist/
"POST //api-auth/token/blacklist/ HTTP/1.1" 401 58
"GET //api/products/ HTTP/1.1" 200 21
"GET //api/products/ HTTP/1.1" 200 21
Unauthorized: /api/products/
"GET //api/products/ HTTP/1.1" 401 58
"GET / HTTP/1.1" 200 6124
"GET /admin/ HTTP/1.1" 302 0
"GET /admin/login/?next=/admin/ HTTP/1.1" 200 4160
"GET /static/admin/css/login.css HTTP/1.1" 200 951
"GET /static/admin/css/nav_sidebar.css HTTP/1.1" 200 2810
"GET /static/admin/css/base.css HTTP/1.1" 200 22092
"GET /static/admin/css/dark_mode.css HTTP/1.1" 200 2804
"GET /static/admin/js/theme.js HTTP/1.1" 200 1653
"GET /static/admin/css/responsive.css HTTP/1.1" 200 17972
"GET /static/admin/js/nav_sidebar.js HTTP/1.1" 200 3063
Not Found: /favicon.ico
"GET /favicon.ico HTTP/1.1" 404 6179
"POST /admin/login/?next=/admin/ HTTP/1.1" 302 0
"GET /admin/ HTTP/1.1" 200 11607
"GET /static/admin/css/dashboard.css HTTP/1.1" 200 441
"GET /static/admin/img/icon-addlink.svg HTTP/1.1" 200 331
"GET /static/admin/img/icon-changelink.svg HTTP/1.1" 200 380
"GET /admin/token_blacklist/outstandingtoken/ HTTP/1.1" 200 12888
"GET /static/admin/css/changelists.css HTTP/1.1" 200 6878
"GET /static/admin/js/prepopulate.js HTTP/1.1" 200 1531
"GET /static/admin/js/core.js HTTP/1.1" 200 6208
"GET /static/admin/js/actions.js HTTP/1.1" 200 8076
"GET /static/admin/js/jquery.init.js HTTP/1.1" 200 347
"GET /static/admin/js/vendor/jquery/jquery.js HTTP/1.1" 200 285314
"GET /static/admin/js/urlify.js HTTP/1.1" 200 7887
"GET /static/admin/js/admin/RelatedObjectLookups.js HTTP/1.1" 200 9097
"GET /static/admin/img/search.svg HTTP/1.1" 200 458
"GET /static/admin/js/vendor/xregexp/xregexp.js HTTP/1.1" 200 325171
"GET /static/admin/js/filters.js HTTP/1.1" 200 978
"GET /static/admin/img/sorting-icons.svg HTTP/1.1" 200 1097
"GET /admin/token_blacklist/outstandingtoken/1/change/ HTTP/1.1" 200 15401
"GET /static/admin/css/forms.css HTTP/1.1" 200 8794
"GET /static/admin/js/prepopulate_init.js HTTP/1.1" 200 586
"GET /admin/jsi18n/ HTTP/1.1" 200 3342
"GET /static/admin/js/change_form.js HTTP/1.1" 200 606
"GET /static/admin/css/widgets.css HTTP/1.1" 200 11564
Forbidden (Permission denied): /admin/token_blacklist/outstandingtoken/1/change/
Traceback (most recent call last):
  File "/home/dev/Desktop/Smart Food Project/Smart-Food-Back/.venv/lib/python3.12/site-packages/django/core/handlers/exception.py", line 55, in inner
    response = get_response(request)
               ^^^^^^^^^^^^^^^^^^^^^
  File "/home/dev/Desktop/Smart Food Project/Smart-Food-Back/.venv/lib/python3.12/site-packages/django/core/handlers/base.py", line 197, in _get_response
    response = wrapped_callback(request, *callback_args, **callback_kwargs)
               ^^^^^^^^^^^^^^^^^^^^^^^^^^^^^^^^^^^^^^^^^^^^^^^^^^^^^^^^^^^^
  File "/home/dev/Desktop/Smart Food Project/Smart-Food-Back/.venv/lib/python3.12/site-packages/django/contrib/admin/options.py", line 718, in wrapper
    return self.admin_site.admin_view(view)(*args, **kwargs)
           ^^^^^^^^^^^^^^^^^^^^^^^^^^^^^^^^^^^^^^^^^^^^^^^^^
  File "/home/dev/Desktop/Smart Food Project/Smart-Food-Back/.venv/lib/python3.12/site-packages/django/utils/decorators.py", line 188, in _view_wrapper
    result = _process_exception(request, e)
             ^^^^^^^^^^^^^^^^^^^^^^^^^^^^^^
  File "/home/dev/Desktop/Smart Food Project/Smart-Food-Back/.venv/lib/python3.12/site-packages/django/utils/decorators.py", line 186, in _view_wrapper
    response = view_func(request, *args, **kwargs)
               ^^^^^^^^^^^^^^^^^^^^^^^^^^^^^^^^^^^
  File "/home/dev/Desktop/Smart Food Project/Smart-Food-Back/.venv/lib/python3.12/site-packages/django/views/decorators/cache.py", line 80, in _view_wrapper
    response = view_func(request, *args, **kwargs)
               ^^^^^^^^^^^^^^^^^^^^^^^^^^^^^^^^^^^
  File "/home/dev/Desktop/Smart Food Project/Smart-Food-Back/.venv/lib/python3.12/site-packages/django/contrib/admin/sites.py", line 241, in inner
    return view(request, *args, **kwargs)
           ^^^^^^^^^^^^^^^^^^^^^^^^^^^^^^
  File "/home/dev/Desktop/Smart Food Project/Smart-Food-Back/.venv/lib/python3.12/site-packages/django/contrib/admin/options.py", line 1964, in change_view
    return self.changeform_view(request, object_id, form_url, extra_context)
           ^^^^^^^^^^^^^^^^^^^^^^^^^^^^^^^^^^^^^^^^^^^^^^^^^^^^^^^^^^^^^^^^^
  File "/home/dev/Desktop/Smart Food Project/Smart-Food-Back/.venv/lib/python3.12/site-packages/django/utils/decorators.py", line 48, in _wrapper
    return bound_method(*args, **kwargs)
           ^^^^^^^^^^^^^^^^^^^^^^^^^^^^^
  File "/home/dev/Desktop/Smart Food Project/Smart-Food-Back/.venv/lib/python3.12/site-packages/django/utils/decorators.py", line 188, in _view_wrapper
    result = _process_exception(request, e)
             ^^^^^^^^^^^^^^^^^^^^^^^^^^^^^^
  File "/home/dev/Desktop/Smart Food Project/Smart-Food-Back/.venv/lib/python3.12/site-packages/django/utils/decorators.py", line 186, in _view_wrapper
    response = view_func(request, *args, **kwargs)
               ^^^^^^^^^^^^^^^^^^^^^^^^^^^^^^^^^^^
  File "/home/dev/Desktop/Smart Food Project/Smart-Food-Back/.venv/lib/python3.12/site-packages/django/contrib/admin/options.py", line 1820, in changeform_view
    return self._changeform_view(request, object_id, form_url, extra_context)
           ^^^^^^^^^^^^^^^^^^^^^^^^^^^^^^^^^^^^^^^^^^^^^^^^^^^^^^^^^^^^^^^^^^
  File "/home/dev/Desktop/Smart Food Project/Smart-Food-Back/.venv/lib/python3.12/site-packages/django/contrib/admin/options.py", line 1844, in _changeform_view
    raise PermissionDenied
django.core.exceptions.PermissionDenied
"POST /admin/token_blacklist/outstandingtoken/1/change/ HTTP/1.1" 403 135
"GET /admin/token_blacklist/outstandingtoken/1/change/ HTTP/1.1" 200 15401
"GET /admin/main/category/ HTTP/1.1" 200 11429
"GET /admin/jsi18n/ HTTP/1.1" 200 3342
"GET /static/admin/img/tooltag-add.svg HTTP/1.1" 200 331
"GET /admin/token_blacklist/outstandingtoken/ HTTP/1.1" 200 12888
"GET /admin/token_blacklist/outstandingtoken/1/change/ HTTP/1.1" 200 15401
"GET /admin/jsi18n/ HTTP/1.1" 200 3342
Forbidden (Permission denied): /admin/token_blacklist/outstandingtoken/1/change/
Traceback (most recent call last):
  File "/home/dev/Desktop/Smart Food Project/Smart-Food-Back/.venv/lib/python3.12/site-packages/django/core/handlers/exception.py", line 55, in inner
    response = get_response(request)
               ^^^^^^^^^^^^^^^^^^^^^
  File "/home/dev/Desktop/Smart Food Project/Smart-Food-Back/.venv/lib/python3.12/site-packages/django/core/handlers/base.py", line 197, in _get_response
    response = wrapped_callback(request, *callback_args, **callback_kwargs)
               ^^^^^^^^^^^^^^^^^^^^^^^^^^^^^^^^^^^^^^^^^^^^^^^^^^^^^^^^^^^^
  File "/home/dev/Desktop/Smart Food Project/Smart-Food-Back/.venv/lib/python3.12/site-packages/django/contrib/admin/options.py", line 718, in wrapper
    return self.admin_site.admin_view(view)(*args, **kwargs)
           ^^^^^^^^^^^^^^^^^^^^^^^^^^^^^^^^^^^^^^^^^^^^^^^^^
  File "/home/dev/Desktop/Smart Food Project/Smart-Food-Back/.venv/lib/python3.12/site-packages/django/utils/decorators.py", line 188, in _view_wrapper
    result = _process_exception(request, e)
             ^^^^^^^^^^^^^^^^^^^^^^^^^^^^^^
  File "/home/dev/Desktop/Smart Food Project/Smart-Food-Back/.venv/lib/python3.12/site-packages/django/utils/decorators.py", line 186, in _view_wrapper
    response = view_func(request, *args, **kwargs)
               ^^^^^^^^^^^^^^^^^^^^^^^^^^^^^^^^^^^
  File "/home/dev/Desktop/Smart Food Project/Smart-Food-Back/.venv/lib/python3.12/site-packages/django/views/decorators/cache.py", line 80, in _view_wrapper
    response = view_func(request, *args, **kwargs)
               ^^^^^^^^^^^^^^^^^^^^^^^^^^^^^^^^^^^
  File "/home/dev/Desktop/Smart Food Project/Smart-Food-Back/.venv/lib/python3.12/site-packages/django/contrib/admin/sites.py", line 241, in inner
    return view(request, *args, **kwargs)
           ^^^^^^^^^^^^^^^^^^^^^^^^^^^^^^
  File "/home/dev/Desktop/Smart Food Project/Smart-Food-Back/.venv/lib/python3.12/site-packages/django/contrib/admin/options.py", line 1964, in change_view
    return self.changeform_view(request, object_id, form_url, extra_context)
           ^^^^^^^^^^^^^^^^^^^^^^^^^^^^^^^^^^^^^^^^^^^^^^^^^^^^^^^^^^^^^^^^^
  File "/home/dev/Desktop/Smart Food Project/Smart-Food-Back/.venv/lib/python3.12/site-packages/django/utils/decorators.py", line 48, in _wrapper
    return bound_method(*args, **kwargs)
           ^^^^^^^^^^^^^^^^^^^^^^^^^^^^^
  File "/home/dev/Desktop/Smart Food Project/Smart-Food-Back/.venv/lib/python3.12/site-packages/django/utils/decorators.py", line 188, in _view_wrapper
    result = _process_exception(request, e)
             ^^^^^^^^^^^^^^^^^^^^^^^^^^^^^^
  File "/home/dev/Desktop/Smart Food Project/Smart-Food-Back/.venv/lib/python3.12/site-packages/django/utils/decorators.py", line 186, in _view_wrapper
    response = view_func(request, *args, **kwargs)
               ^^^^^^^^^^^^^^^^^^^^^^^^^^^^^^^^^^^
  File "/home/dev/Desktop/Smart Food Project/Smart-Food-Back/.venv/lib/python3.12/site-packages/django/contrib/admin/options.py", line 1820, in changeform_view
    return self._changeform_view(request, object_id, form_url, extra_context)
           ^^^^^^^^^^^^^^^^^^^^^^^^^^^^^^^^^^^^^^^^^^^^^^^^^^^^^^^^^^^^^^^^^^
  File "/home/dev/Desktop/Smart Food Project/Smart-Food-Back/.venv/lib/python3.12/site-packages/django/contrib/admin/options.py", line 1844, in _changeform_view
    raise PermissionDenied
django.core.exceptions.PermissionDenied
"POST /admin/token_blacklist/outstandingtoken/1/change/ HTTP/1.1" 403 135
"GET /admin/token_blacklist/outstandingtoken/1/change/ HTTP/1.1" 200 15401
"GET /admin/token_blacklist/blacklistedtoken/ HTTP/1.1" 200 14298
"GET /admin/jsi18n/ HTTP/1.1" 200 3342
"GET /admin/token_blacklist/outstandingtoken/ HTTP/1.1" 200 12888
"GET /admin/token_blacklist/blacklistedtoken/ HTTP/1.1" 200 14298
"GET /admin/jsi18n/ HTTP/1.1" 200 3342
"GET /admin/token_blacklist/outstandingtoken/ HTTP/1.1" 200 12888
"GET /admin/auth/user/ HTTP/1.1" 200 15761
"GET /static/admin/img/icon-yes.svg HTTP/1.1" 200 436
"GET /admin/jsi18n/ HTTP/1.1" 200 3342
"GET /static/admin/img/icon-viewlink.svg HTTP/1.1" 200 581
"GET /admin/rest_framework_api_key/apikey/ HTTP/1.1" 200 12952
"GET /admin/jsi18n/ HTTP/1.1" 200 3342
"GET /admin/rest_framework_api_key/apikey/add/ HTTP/1.1" 200 14889
"GET /static/admin/js/admin/DateTimeShortcuts.js HTTP/1.1" 200 19319
"GET /static/admin/js/calendar.js HTTP/1.1" 200 9141
"GET /admin/jsi18n/ HTTP/1.1" 200 3342
"GET /static/admin/img/icon-calendar.svg HTTP/1.1" 200 1086
"GET /static/admin/img/icon-clock.svg HTTP/1.1" 200 677
"POST /admin/rest_framework_api_key/apikey/add/ HTTP/1.1" 302 0
"GET /admin/rest_framework_api_key/apikey/ HTTP/1.1" 200 16217
"GET /admin/jsi18n/ HTTP/1.1" 200 3342
"GET /static/admin/img/icon-no.svg HTTP/1.1" 200 560
"GET /static/admin/img/icon-alert.svg HTTP/1.1" 200 504
Unauthorized: /api/products/
"GET //api/products/ HTTP/1.1" 401 58
Unauthorized: /api/products/
"GET //api/products/?front=IkrNCFl1.Zt3QNTOPb02pcgHltGAeGZ10wiC43HsM HTTP/1.1" 401 58
Unauthorized: /api/products/
"GET //api/products/ HTTP/1.1" 401 58
Unauthorized: /api/products/
"GET //api/products/ HTTP/1.1" 401 58
/home/dev/Desktop/Smart Food Project/Smart-Food-Back/main/views.py changed, reloading.
Watching for file changes with StatReloader
Unauthorized: /api/products/
"GET //api/products/ HTTP/1.1" 401 58
Forbidden: /api/products/
"GET //api/products/ HTTP/1.1" 403 63
/home/dev/Desktop/Smart Food Project/Smart-Food-Back/main/views.py changed, reloading.
Watching for file changes with StatReloader
"GET //api/products/ HTTP/1.1" 200 21
"GET //api/products/ HTTP/1.1" 200 21
"GET //api/products/ HTTP/1.1" 200 21
Unauthorized: /api/products/
"GET //api/products/ HTTP/1.1" 401 58
"GET //api/products/ HTTP/1.1" 200 21
Unauthorized: /api/products/
"GET //api/products/ HTTP/1.1" 401 58
"GET //api/products/ HTTP/1.1" 200 21
